
==================================================
Client started at: 2025-05-31 20:00:27.766
==================================================

==================================================
Client started at: 2025-05-31 20:00:36.003
==================================================
[2025-05-31 20:00:36.003] [INFO] Client initialized with device ID: client1
[2025-05-31 20:00:36.004] [INFO] Connected to server at 127.0.0.1:8080
[2025-05-31 20:00:36.005] [INFO] Starting handshake to establish secure connection with server
[2025-05-31 20:00:36.005] [INFO] Sending HelloFIUNAM message to server
[2025-05-31 20:00:36.005] [INFO] Message sent to server: {"device_ID":"client1","long_term_public_key_hex":"ab1b8518461bb5c1a4b41e651cf556f1eba3c980960f923bbfe401b18e371cd6","method":"HelloFIUNAM","nounce":"dc6b6fdf2553b15e708323f1898a7715","public_key_hex":"c0526f157360b17013451ceb3c538242a0cfc5953d000c40f9a25ebb4d9f2312","signature_hex":"a9aec8ff1610fd6b5d311c6810d670dcfbd15ffe48d34a9352386cc89d29c6113c388821a05c2a06c50e0e229c784532a2d66571c5189399f5135009db2e0208"}0x66696E
[2025-05-31 20:00:36.006] [INFO] Message received from server: {"long_term_public_key_hex":"d693c11fc7a969e6237c2dd54fdcae0c1636b988d8195bd99cc9db398c3518ef","method":"WhatsUpFIUNAM","nounce":"4b3694327623d9274a5121365cb9e5cb","public_key_hex":"fbade0b75cd522e784391323eb067512f14b636e90e2e179b2dfe5cd7855cb57","server_ID":"12345","signature_hex":"95a2c27d878fcec419698f98c34b93cd2e6e85d2f6d4a165672e2ff48d70ec60108fdd7cc4f46250160ee4d9fefef7a9c7c89961f0f21d08f9298c4c9dca9900"}0x66696E
[2025-05-31 20:00:36.006] [INFO] Processing server response method: WhatsUpFIUNAM
[2025-05-31 20:00:36.006] [INFO] Server signature validated successfully
[2025-05-31 20:00:36.006] [INFO] Sending parameter agreement (ChaCha20)
[2025-05-31 20:00:36.006] [INFO] Message sent to server: {"algorithm":"ChaCha20","method":"AgreeParams","nounce":"b89d644827fcb24ce6c0af9df4b7a086"}0x66696E
[2025-05-31 20:00:36.006] [INFO] Message received from server: {"OK":"ok","method":"StartConversation","nounce":"7616a108cde8f6e3cee86a409b1ba754"}0x66696E
[2025-05-31 20:00:36.006] [INFO] Processing server response method: StartConversation
[2025-05-31 20:00:36.006] [INFO] Server agreed to parameters - nounce: 7616a108cde8f6e3cee86a409b1ba754
[2025-05-31 20:00:36.006] [INFO] Encrypted connection established with server for device: client1
[2025-05-31 20:01:02.041] [INFO] User input: hola
[2025-05-31 20:01:02.042] [INFO] Message SHA-256: b221d9dbb083a7f33428d7c2a3c3198ae925614d70210e28716ccaa7cd4ddb79
[2025-05-31 20:01:02.042] [INFO] Message encrypted - ciphertext: 2c4228dcd780538cf1c6f85823abf2b20cf5ecd3
[2025-05-31 20:01:02.042] [INFO] Encryption nonce: e39c9938ba4dcded942c11e9
[2025-05-31 20:01:02.042] [INFO] Sending encrypted message to server
[2025-05-31 20:01:02.042] [INFO] Message sent to server: {"message":"2c4228dcd780538cf1c6f85823abf2b20cf5ecd3","method":"simple_message","nounce":"e39c9938ba4dcded942c11e9","sha256":"b221d9dbb083a7f33428d7c2a3c3198ae925614d70210e28716ccaa7cd4ddb79"}0x66696E
[2025-05-31 20:01:02.045] [INFO] Message received from server: {"message":"e151f73113047e94687fc5d7c4beb4ac6a7a4b0abd87a2ad9de413606e1e95776941af7a81ceb0db5a08beca62589fef8110afd472d5bdd0009648030b6e0b8b2dd0fef3c31796a44dffd8ae08","method":"conn_continue","nounce":"305ce11f39df140fb9a7cce3"}0x66696E
[2025-05-31 20:01:02.045] [INFO] Processing server response method: conn_continue
[2025-05-31 20:01:02.046] [COMM] Decrypted server response: ACK: message verified successfully at 2025-06-01 02:01:02 UTC
